<?xml version="1.0" encoding="UTF-8"?>
<testng-results ignored="0" total="1" passed="1" failed="0" skipped="0">
  <reporter-output>
  </reporter-output>
  <suite started-at="2023-05-04T15:49:54 IST" name="Default suite" finished-at="2023-05-04T15:50:53 IST" duration-ms="59176">
    <groups>
    </groups>
    <test started-at="2023-05-04T15:49:54 IST" name="Default test" finished-at="2023-05-04T15:50:53 IST" duration-ms="59176">
      <class name="ques2">
        <test-method is-config="true" signature="beforeTest()[pri:0, instance:ques2@316bcf94]" started-at="2023-05-04T15:49:54 IST" name="beforeTest" finished-at="2023-05-04T15:49:58 IST" duration-ms="4490" status="PASS">
          <reporter-output>
          </reporter-output>
        </test-method> <!-- beforeTest -->
        <test-method signature="Test()[pri:0, instance:ques2@316bcf94]" started-at="2023-05-04T15:49:58 IST" name="Test" finished-at="2023-05-04T15:50:52 IST" duration-ms="53728" status="PASS">
          <reporter-output>
          </reporter-output>
        </test-method> <!-- Test -->
        <test-method is-config="true" signature="afterTest()[pri:0, instance:ques2@316bcf94]" started-at="2023-05-04T15:50:52 IST" name="afterTest" finished-at="2023-05-04T15:50:53 IST" duration-ms="935" status="PASS">
          <reporter-output>
          </reporter-output>
        </test-method> <!-- afterTest -->
      </class> <!-- ques2 -->
    </test> <!-- Default test -->
  </suite> <!-- Default suite -->
</testng-results>
